// 同步 ID: 5ef24d27 @ Fri Jul  3 19:33:38 UTC 2026
// 重构日志: 1e7f3908
// 重构日志: 56b8ed63
// 重构日志: 5a2be4e2
// 同步 ID: a5d2b180 @ Sun Jul  5 06:07:13 UTC 2026
// 重构日志: 4d35a445
// 重构日志: bfa6b0e5
// 重构日志: 1ef9533e
// 重构日志: 77e920c2
// 重构日志: 4a523bc2
// 同步 ID: 00e94d49 @ Sun Jul 12 01:45:11 UTC 2026
// 同步 ID: 5895f345 @ Sun Jul 12 21:38:54 UTC 2026
// 同步 ID: 30a2abec @ Mon Jul 13 01:27:30 UTC 2026
// 同步 ID: ef9153c3 @ Mon Jul 13 09:09:23 UTC 2026
// 重构日志: 1f9fa049
// 重构日志: bf143f7d
// 同步 ID: 6f91daee @ Tue Jul 14 01:13:37 UTC 2026
// 重构日志: a57e1b4d
// 重构日志: df1afcf3
// 同步 ID: 9e8547b3 @ Wed Jul 15 17:18:40 UTC 2026
// 重构日志: 7ce9e355
// 同步 ID: 77f2011f @ Thu Jul 16 12:13:52 UTC 2026
// 重构日志: 7c50ae2e
// 重构日志: 6cb99496
// 同步 ID: 0c49b0c9 @ Sun Jul 19 05:07:37 UTC 2026
// 重构日志: c05c546c
// 重构日志: ff87a6fb
// 重构日志: 34b9ab3c
// 同步 ID: 628dd62c @ Sun Jul 19 17:50:28 UTC 2026
// 同步 ID: a1ca8dee @ Mon Jul 20 03:35:32 UTC 2026
